<?xml version="1.0" encoding="UTF-8"?>
<beans xmlns="http://www.springframework.org/schema/beans"
	xmlns:xsi="http://www.w3.org/2001/XMLSchema-instance" xmlns:dubbo="http://code.alibabatech.com/schema/dubbo"
	xmlns:context="http://www.springframework.org/schema/context"
	xsi:schemaLocation="http://code.alibabatech.com/schema/dubbo 
		http://code.alibabatech.com/schema/dubbo/dubbo.xsd
		http://www.springframework.org/schema/beans  
		http://www.springframework.org/schema/beans/spring-beans.xsd 
		http://www.springframework.org/schema/context 
	 	http://www.springframework.org/schema/context/spring-context-4.1.xsd">
	<!-- 定义配置的Annotation扫描包 -->
	<context:component-scan base-package="cn.mldn" /> 
	<!-- 定义所有要导入的属性文件的路径 -->
	<context:property-placeholder location="classpath:config/redis.properties"/>
	<!-- 定义要读取的其它配置的Spring文件 -->
	<import resource="classpath:spring/spring-redis.xml"/>
	<!-- 配置RedisCache的类定义 -->
	<bean id="redisCache" class="cn.mldn.enterpriseauth.ssm.util.cache.RedisCache">
		<property name="connectionFactory" ref="connectionFactory0"/>
	</bean> 
</beans>
